<?xml version="1.0" encoding="UTF-8"?>
<!-- Generated by org.testng.reporters.JUnitXMLReporter -->
<testsuite ignored="0" hostname="LAPTOP-MK5BCJM0" failures="1" tests="2" name="Test" time="9.183" errors="0" timestamp="2024-10-01T16:37:37 BST">
  <testcase classname="testCases.TC001_AccountRegistrationTest" name="verify_account_Registration" time="3.74">
    <failure type="java.lang.AssertionError" message="expected [true] but found [false]">
      <![CDATA[java.lang.AssertionError: expected [true] but found [false]
at testCases.TC001_AccountRegistrationTest.verify_account_Registration(TC001_AccountRegistrationTest.java:54)
at java.base/java.util.ArrayList.forEach(ArrayList.java:1541)
... Removed 31 stack frames]]>
    </failure>
  </testcase> <!-- verify_account_Registration -->
  <testcase classname="testCases.TC002_LoginTest" name="verify_Login" time="1.335"/>
</testsuite> <!-- Test -->
