<?xml version="1.0" encoding="UTF-8"?>
<!-- Generated by org.testng.reporters.JUnitXMLReporter -->
<testsuite ignored="0" hostname="LAPTOP-MK5BCJM0" failures="2" tests="6" name="Test" time="37.939" errors="0" timestamp="2025-01-23T18:22:58 GMT">
  <testcase classname="Practice_Testcases.TC003_LoginDDT" name="verify_LoginDDT" time="2.487"/>
  <testcase classname="Practice_Testcases.TC003_LoginDDT" name="verify_LoginDDT" time="2.057">
    <failure type="java.lang.AssertionError" message="expected [true] but found [false]">
      <![CDATA[java.lang.AssertionError: expected [true] but found [false]
at Practice_Testcases.TC003_LoginDDT.verify_LoginDDT(TC003_LoginDDT.java:54)
at java.base/java.util.ArrayList.forEach(ArrayList.java:1596)
at java.base/java.util.concurrent.FutureTask.run(FutureTask.java:317)
at java.base/java.util.concurrent.ThreadPoolExecutor.runWorker(ThreadPoolExecutor.java:1144)
at java.base/java.util.concurrent.ThreadPoolExecutor$Worker.run(ThreadPoolExecutor.java:642)
at java.base/java.lang.Thread.run(Thread.java:1583)
... Removed 19 stack frames]]>
    </failure>
  </testcase> <!-- verify_LoginDDT -->
  <testcase classname="Practice_Testcases.TC003_LoginDDT" name="verify_LoginDDT" time="2.155">
    <failure type="java.lang.AssertionError" message="expected [true] but found [false]">
      <![CDATA[java.lang.AssertionError: expected [true] but found [false]
at Practice_Testcases.TC003_LoginDDT.verify_LoginDDT(TC003_LoginDDT.java:54)
at java.base/java.util.ArrayList.forEach(ArrayList.java:1596)
at java.base/java.util.concurrent.FutureTask.run(FutureTask.java:317)
at java.base/java.util.concurrent.ThreadPoolExecutor.runWorker(ThreadPoolExecutor.java:1144)
at java.base/java.util.concurrent.ThreadPoolExecutor$Worker.run(ThreadPoolExecutor.java:642)
at java.base/java.lang.Thread.run(Thread.java:1583)
... Removed 19 stack frames]]>
    </failure>
  </testcase> <!-- verify_LoginDDT -->
  <testcase classname="Practice_Testcases.TC003_LoginDDT" name="verify_LoginDDT" time="11.265"/>
  <testcase classname="Practice_Testcases.TC003_LoginDDT" name="verify_LoginDDT" time="2.466"/>
  <testcase classname="Practice_Testcases.TC003_LoginDDT" name="verify_LoginDDT" time="11.465"/>
</testsuite> <!-- Test -->
